Target route: /Users/YujiaLiu/Documents/lemur/app/text
Target route: /Users/YujiaLiu/Documents/lemur/app/text
Accept incoming file: S3Credential.csv
Save it to: /Users/YujiaLiu/Documents/lemur/app/text/S3Credential.csv
Target route: /Users/YujiaLiu/Documents/lemur/app/text
Accept incoming file: S3Credential.csv
Save it to: /Users/YujiaLiu/Documents/lemur/app/text/S3Credential.csv
Target route: /Users/YujiaLiu/Documents/lemur/app/text
Accept incoming file: S3Credential.csv
Save it to: /Users/YujiaLiu/Documents/lemur/app/text/S3Credential.csv
Target route: /Users/YujiaLiu/Documents/lemur/app/text
Accept incoming file: S3Credential.csv
Save it to: /Users/YujiaLiu/Documents/lemur/app/text/S3Credential.csv
Target route: /Users/YujiaLiu/Documents/lemur/app/text
Accept incoming file: S3Credential.csv
Save it to: /Users/YujiaLiu/Documents/lemur/app/text/S3Credential.csv
Target route: /Users/YujiaLiu/Documents/lemur/app/text
Accept incoming file: S3Credential.csv
Save it to: /Users/YujiaLiu/Documents/lemur/app/text/S3Credential.csv
Target route: /Users/YujiaLiu/Documents/lemur/app/text
Accept incoming file: S3Credential.csv
Save it to: /Users/YujiaLiu/Documents/lemur/app/text/S3Credential.csv
Target route: /Users/YujiaLiu/Documents/lemur/app/text
Accept incoming file: S3Credential.csv
Save it to: /Users/YujiaLiu/Documents/lemur/app/text/S3Credential.csv
Target route: /Users/YujiaLiu/Documents/lemur/app/text
Accept incoming file: S3Credential.csv
Save it to: /Users/YujiaLiu/Documents/lemur/app/text/S3Credential.csv
Target route: /Users/YujiaLiu/Documents/lemur/app/text
Accept incoming file: S3Credential.csv
Save it to: /Users/YujiaLiu/Documents/lemur/app/text/S3Credential.csv
Target route: /Users/YujiaLiu/Documents/lemur/app/text
Accept incoming file: S3Credential.csv
Save it to: /Users/YujiaLiu/Documents/lemur/app/text/S3Credential.csv
Target route: /Users/YujiaLiu/Documents/lemur/app/text
Accept incoming file: S3Credential.csv
Save it to: /Users/YujiaLiu/Documents/lemur/app/text/S3Credential.csv
Target route: /Users/YujiaLiu/Documents/lemur/app/text
Accept incoming file: S3Credential.csv
Save it to: /Users/YujiaLiu/Documents/lemur/app/text/S3Credential.csv
Target route: /Users/YujiaLiu/Documents/lemur/app/text
Accept incoming file: S3Credential.csv
Save it to: /Users/YujiaLiu/Documents/lemur/app/text/S3Credential.csv
Target route: /Users/YujiaLiu/Documents/lemur/app/text
Accept incoming file: S3Credential.csv
Save it to: /Users/YujiaLiu/Documents/lemur/app/text/S3Credential.csv
Target route: /Users/YujiaLiu/Documents/lemur/app/text
Accept incoming file: S3Credential.csv
Save it to: /Users/YujiaLiu/Documents/lemur/app/text/S3Credential.csv
Target route: /Users/YujiaLiu/Documents/lemur/app/text
Accept incoming file: S3Credential.csv
Save it to: /Users/YujiaLiu/Documents/lemur/app/text/S3Credential.csv
Target route: /Users/YujiaLiu/Documents/lemur/app/text
Accept incoming file: S3Credential.csv
Save it to: /Users/YujiaLiu/Documents/lemur/app/text/S3Credential.csv
Target route: /Users/YujiaLiu/Documents/lemur/app/text
Accept incoming file: S3Credential.csv
Save it to: /Users/YujiaLiu/Documents/lemur/app/text/S3Credential.csv
Target route: /Users/YujiaLiu/Documents/lemur/app/text
Accept incoming file: S3Credential.csv
Save it to: /Users/YujiaLiu/Documents/lemur/app/text/S3Credential.csv
Target route: /Users/YujiaLiu/Documents/lemur/app/text
Accept incoming file: S3Credential.csv
Save it to: /Users/YujiaLiu/Documents/lemur/app/text/S3Credential.csv
Target route: /Users/YujiaLiu/Documents/lemur/app/text
Accept incoming file: S3Credential.csv
Save it to: /Users/YujiaLiu/Documents/lemur/app/text/S3Credential.csv
Downloading file from S3...
Target route: /Users/YujiaLiu/Documents/lemur/app/text
Accept incoming file: S3Credential.csv
Save it to: /Users/YujiaLiu/Documents/lemur/app/text/S3Credential.csv
Target route: /Users/YujiaLiu/Documents/lemur/app/text
Accept incoming file: S3Credential.csv
Save it to: /Users/YujiaLiu/Documents/lemur/app/text/S3Credential.csv
Target route: /Users/YujiaLiu/Documents/lemur/app/text
Accept incoming file: S3Credential.csv
Save it to: /Users/YujiaLiu/Documents/lemur/app/text/S3Credential.csv
Downloading file from S3...
Target route: /Users/YujiaLiu/Documents/lemur/app/downloads
Accept incoming file: S3Credential.csv
Save it to: /Users/YujiaLiu/Documents/lemur/app/downloads/S3Credential.csv
Target route: /Users/YujiaLiu/Documents/lemur/app/downloads
Accept incoming file: S3Credential.csv
Save it to: /Users/YujiaLiu/Documents/lemur/app/downloads/S3Credential.csv
Downloading file from S3...
Target route: /Users/YujiaLiu/Documents/lemur/app/downloads
Accept incoming file: S3Credential.csv
Save it to: /Users/YujiaLiu/Documents/lemur/app/downloads/S3Credential.csv
Downloading file from S3...
Target route: /Users/YujiaLiu/Documents/lemur/app/downloads
Accept incoming file: S3Credential.csv
Save it to: /Users/YujiaLiu/Documents/lemur/app/downloads/S3Credential.csv
Target route: /Users/YujiaLiu/Documents/lemur/app/downloads
Accept incoming file: S3Credential.csv
Save it to: /Users/YujiaLiu/Documents/lemur/app/downloads/S3Credential.csv
Downloading file from S3...
Target route: /Users/YujiaLiu/Documents/lemur/app/downloads
Accept incoming file: S3Credential.csv
Save it to: /Users/YujiaLiu/Documents/lemur/app/downloads/S3Credential.csv
Downloading file from S3...
